2023-02-25 15:10:45.712 - DBeaver 22.3.5.202302171528 is starting
2023-02-25 15:10:45.713 - OS: Linux 6.0.0-6-amd64 (amd64)
2023-02-25 15:10:45.713 - Java version: 17.0.6 by Eclipse Adoptium (64bit)
2023-02-25 15:10:45.714 - Install path: '/usr/share/dbeaver-ce'
2023-02-25 15:10:45.714 - Instance path: 'file:/home/akinjoker/study-org/mysql-practise/'
2023-02-25 15:10:45.715 - Memory available 64Mb/1024Mb
2023-02-25 15:10:45.754 - Create display
2023-02-25 15:10:46.004 - Initializing DBeaver 22.3.5
2023-02-25 15:10:46.005 - Host plugin: org.jkiss.dbeaver.ui.app.standalone 22.3.5.202302171528
2023-02-25 15:10:46.005 - Initialize desktop platform...
2023-02-25 15:10:46.132 - BounceCastle bundle found. Use JCE provider BC
> Start Core File Systems [org.eclipse.core.filesystem 1.9.500.v20220817-1539]
> Start Core Resource Management [org.eclipse.core.resources 3.18.100.v20221025-2047]
> Start DBeaver UI Navigator [org.jkiss.dbeaver.ui.navigator 1.0.100.202302171528]
> Start 小组支持核心 [org.eclipse.team.core 3.9.600.v20220902-2219]
2023-02-25 15:10:46.455 - Initialize base platform...
> Start Expression Language [org.eclipse.core.expressions 3.8.200.v20220613-1047]
2023-02-25 15:10:46.485 - Platform initialized (480ms)
> Start DBeaver UI Editors - Base [org.jkiss.dbeaver.ui.editors.base 1.0.100.202302171528]
2023-02-25 15:10:46.499 - Starting RMI server at 30445
2023-02-25 15:10:46.538 - Run workbench
> Start DBeaver 界面 [org.jkiss.dbeaver.ui 5.1.115.202302171528]
> Start Eclipse e4 工作台 SWT [org.eclipse.e4.ui.workbench.swt 0.16.700.v20221024-2137]
> Start Eclipse Application Services [org.eclipse.e4.core.services 2.3.400.v20220915-1347]
> Start Eclipse UI Application Services [org.eclipse.e4.ui.services 1.5.100.v20221024-2137]
> Start Eclipse e4 Progress View [org.eclipse.e4.ui.progress 0.3.600.v20221024-2137]
> Start EMF XML/XMI Persistence [org.eclipse.emf.ecore.xmi 2.17.0.v20220817-1334]
> Start Eclipse CSS SWT Theme Support [org.eclipse.e4.ui.css.swt.theme 0.13.200.v20221024-2137]
> Start Eclipse e4 工作台加载项 [org.eclipse.e4.ui.workbench.addons.swt 1.4.500.v20221028-0801]
Warning: NLS unused message: WorkbenchPreference_showMultipleEditorTabsButton in: org.eclipse.ui.internal.messages
> Start Eclipse e4 工作台 SWT 呈现器 [org.eclipse.e4.ui.workbench.renderers.swt 0.15.700.v20221024-2137]
> Start Eclipse Bindings Support [org.eclipse.e4.ui.bindings 0.13.200.v20221024-2137]
> Start Eclipse Dependency Injection Extensions [org.eclipse.e4.core.di.extensions 0.17.200.v20220613-1008]
> Start Eclipse CSS SWT Support [org.eclipse.e4.ui.css.swt 0.14.700.v20221102-0748]
Warning: NLS unused message: BlockedJobsDialog_UserInterfaceTreeElement in: org.eclipse.ui.internal.progress.messages
2023-02-25 15:10:48.512 - Configure workbench window
> Start 帮助系统核心 [org.eclipse.help 3.9.100.v20210721-0601]
2023-02-25 15:10:48.616 - Create actions
2023-02-25 15:10:48.622 - Disable Eclipse action set 'org.eclipse.ui.edit.text.actionSet.annotationNavigation'
2023-02-25 15:10:48.623 - Disable Eclipse action set 'org.eclipse.ui.WorkingSetActionSet'
2023-02-25 15:10:48.623 - Disable Eclipse action set 'org.eclipse.ui.actionSet.openFiles'
Warning: NLS unused message: pref_page_ui_general_group_timezone in: org.jkiss.dbeaver.core.CoreResources
2023-02-25 15:10:49.299 - Initialize workbench window
2023-02-25 15:10:49.303 - Finish initialization
> Start 缺省文本编辑器 [org.eclipse.ui.editors 3.14.400.v20220730-1844]
> Start 文本编辑器框架 [org.eclipse.ui.workbench.texteditor 3.16.600.v20220809-1658]
> Start Equinox Java Authentication and Authorization Service (JAAS) [org.eclipse.equinox.security 1.3.1000.v20220801-1135]
> Start 因特网连接管理 UI [org.eclipse.ui.net 1.4.100.v20220812-1406]
> Start Internet Connection Management [org.eclipse.core.net 1.4.0.v20220813-1037]
> Start DBeaver UI 编辑器 - 数据 [org.jkiss.dbeaver.ui.editors.data 1.0.100.202302171528]
> Start DBeaver Sample Database [org.jkiss.dbeaver.ext.sample.database 1.0.137.202302171528]
> Start DBeaver 每日一帖 [org.jkiss.dbeaver.ext.ui.tipoftheday 1.0.106.202302171528]
> Start DBeaver SQL Model [org.jkiss.dbeaver.model.sql 1.0.90.202302171528]
Warning: NLS unused message: pref_page_sql_editor_group_misc in: org.jkiss.dbeaver.ui.editors.sql.internal.SQLEditorMessages
> Start DBeaver UI Editors - SQL [org.jkiss.dbeaver.ui.editors.sql 1.0.100.202302171528]
> Start Draw2d [org.eclipse.draw2dl 3.12.100.20230129135757]
> Start GEF3 GEF (MVC) [org.eclipse.gef3 3.12.100.20230129135757]
> Start DBeaver ERD UI [org.jkiss.dbeaver.erd.ui 3.0.60.202302171528]
> Start DBeaver ERD Model [org.jkiss.dbeaver.erd.model 1.0.60.202302171528]
2023-02-25 15:10:50.456 - Total database drivers: 101 (101)
2023-02-25 15:10:50.546 - Connect with 'localhost' (mariaDB-18654f45105-3a6153b72245fc9a)
> Start DBeaver MySQL Support [org.jkiss.dbeaver.ext.mysql 2.1.185.202302171528]
2023-02-25 15:10:50.589 - Execution context opened (localhost; Main; 0)
> Start DBeaver GIS Support [org.jkiss.dbeaver.data.gis 1.0.124.202302171528]
2023-02-25 15:10:50.902 - Execution context opened (localhost; Metadata; 1)
2023-02-25 15:10:50.960 - Connected (mariaDB-18654f45105-3a6153b72245fc9a, MariaDB Connector/J [3.0.7])
> Start ICU4J Base [com.ibm.icu.base 58.2.0.v20170418-1837]
> Start DBeaver MySQL UI Support [org.jkiss.dbeaver.ext.mysql.ui 1.0.92.202302171528]
2023-02-25 17:02:31.497 - DBeaver is stopping
2023-02-25 17:02:31.555 - Stop RMI server
2023-02-25 17:02:31.555 - RMI controller has been stopped
2023-02-25 17:02:31.558 - DBeaver shutdown completed
