2023-02-25 08:48:25.118 - DBeaver 22.3.5.202302171528 is starting
2023-02-25 08:48:25.119 - OS: Linux 6.0.0-6-amd64 (amd64)
2023-02-25 08:48:25.119 - Java version: 17.0.6 by Eclipse Adoptium (64bit)
2023-02-25 08:48:25.119 - Install path: '/usr/share/dbeaver-ce'
2023-02-25 08:48:25.119 - Instance path: 'file:/home/akinjoker/study-org/mysql-practise/'
2023-02-25 08:48:25.119 - Memory available 64Mb/1024Mb
2023-02-25 08:48:25.149 - Create display
2023-02-25 08:48:25.317 - Initializing DBeaver 22.3.5
2023-02-25 08:48:25.318 - Host plugin: org.jkiss.dbeaver.ui.app.standalone 22.3.5.202302171528
2023-02-25 08:48:25.318 - Initialize desktop platform...
2023-02-25 08:48:25.448 - BounceCastle bundle found. Use JCE provider BC
> Start Core File Systems [org.eclipse.core.filesystem 1.9.500.v20220817-1539]
> Start Core Resource Management [org.eclipse.core.resources 3.18.100.v20221025-2047]
> Start DBeaver UI Navigator [org.jkiss.dbeaver.ui.navigator 1.0.100.202302171528]
> Start 小组支持核心 [org.eclipse.team.core 3.9.600.v20220902-2219]
2023-02-25 08:48:25.895 - Initialize base platform...
> Start Expression Language [org.eclipse.core.expressions 3.8.200.v20220613-1047]
2023-02-25 08:48:25.919 - Platform initialized (601ms)
> Start DBeaver UI Editors - Base [org.jkiss.dbeaver.ui.editors.base 1.0.100.202302171528]
2023-02-25 08:48:25.930 - Starting RMI server at 46175
2023-02-25 08:48:25.960 - Run workbench
> Start DBeaver 界面 [org.jkiss.dbeaver.ui 5.1.115.202302171528]
> Start Eclipse e4 工作台 SWT [org.eclipse.e4.ui.workbench.swt 0.16.700.v20221024-2137]
> Start Eclipse Application Services [org.eclipse.e4.core.services 2.3.400.v20220915-1347]
> Start Eclipse UI Application Services [org.eclipse.e4.ui.services 1.5.100.v20221024-2137]
> Start Eclipse e4 Progress View [org.eclipse.e4.ui.progress 0.3.600.v20221024-2137]
> Start EMF XML/XMI Persistence [org.eclipse.emf.ecore.xmi 2.17.0.v20220817-1334]
> Start Eclipse CSS SWT Theme Support [org.eclipse.e4.ui.css.swt.theme 0.13.200.v20221024-2137]
> Start Eclipse e4 工作台加载项 [org.eclipse.e4.ui.workbench.addons.swt 1.4.500.v20221028-0801]
Warning: NLS unused message: WorkbenchPreference_showMultipleEditorTabsButton in: org.eclipse.ui.internal.messages
> Start Eclipse e4 工作台 SWT 呈现器 [org.eclipse.e4.ui.workbench.renderers.swt 0.15.700.v20221024-2137]
> Start Eclipse Bindings Support [org.eclipse.e4.ui.bindings 0.13.200.v20221024-2137]
> Start Eclipse Dependency Injection Extensions [org.eclipse.e4.core.di.extensions 0.17.200.v20220613-1008]
> Start Eclipse CSS SWT Support [org.eclipse.e4.ui.css.swt 0.14.700.v20221102-0748]
Warning: NLS unused message: BlockedJobsDialog_UserInterfaceTreeElement in: org.eclipse.ui.internal.progress.messages
2023-02-25 08:48:27.888 - Configure workbench window
> Start 帮助系统核心 [org.eclipse.help 3.9.100.v20210721-0601]
2023-02-25 08:48:27.964 - Create actions
2023-02-25 08:48:27.968 - Disable Eclipse action set 'org.eclipse.ui.edit.text.actionSet.annotationNavigation'
2023-02-25 08:48:27.969 - Disable Eclipse action set 'org.eclipse.ui.WorkingSetActionSet'
2023-02-25 08:48:27.969 - Disable Eclipse action set 'org.eclipse.ui.actionSet.openFiles'
Warning: NLS unused message: pref_page_ui_general_group_timezone in: org.jkiss.dbeaver.core.CoreResources
2023-02-25 08:48:28.509 - Initialize workbench window
2023-02-25 08:48:28.513 - Finish initialization
> Start 缺省文本编辑器 [org.eclipse.ui.editors 3.14.400.v20220730-1844]
> Start 文本编辑器框架 [org.eclipse.ui.workbench.texteditor 3.16.600.v20220809-1658]
> Start DBeaver UI 编辑器 - 数据 [org.jkiss.dbeaver.ui.editors.data 1.0.100.202302171528]
> Start DBeaver SQL Model [org.jkiss.dbeaver.model.sql 1.0.90.202302171528]
Warning: NLS unused message: pref_page_sql_editor_group_misc in: org.jkiss.dbeaver.ui.editors.sql.internal.SQLEditorMessages
> Start DBeaver UI Editors - SQL [org.jkiss.dbeaver.ui.editors.sql 1.0.100.202302171528]
> Start 核心比较支持 [org.eclipse.compare.core 3.7.100.v20220812-1406]
> Start Equinox Java Authentication and Authorization Service (JAAS) [org.eclipse.equinox.security 1.3.1000.v20220801-1135]
> Start 因特网连接管理 UI [org.eclipse.ui.net 1.4.100.v20220812-1406]
> Start Internet Connection Management [org.eclipse.core.net 1.4.0.v20220813-1037]
> Start DBeaver Sample Database [org.jkiss.dbeaver.ext.sample.database 1.0.137.202302171528]
> Start DBeaver 每日一帖 [org.jkiss.dbeaver.ext.ui.tipoftheday 1.0.106.202302171528]
> Start Draw2d [org.eclipse.draw2dl 3.12.100.20230129135757]
> Start GEF3 GEF (MVC) [org.eclipse.gef3 3.12.100.20230129135757]
> Start DBeaver ERD UI [org.jkiss.dbeaver.erd.ui 3.0.60.202302171528]
> Start DBeaver ERD Model [org.jkiss.dbeaver.erd.model 1.0.60.202302171528]
2023-02-25 08:48:30.649 - Total database drivers: 101 (101)
> Start 控制台 [org.eclipse.ui.console 3.11.400.v20221012-0524]
Warning: NLS unused message: InputStreamMonitor_label in: org.eclipse.debug.internal.core.DebugCoreMessages
Warning: NLS unused message: OutputStreamMonitor_label in: org.eclipse.debug.internal.core.DebugCoreMessages
> Start 调试核心 [org.eclipse.debug.core 3.20.0.v20220811-0741]
2023-02-25 08:48:31.436 - Connect with 'localhost' (mariaDB-18654f45105-3a6153b72245fc9a)
> Start DBeaver MySQL Support [org.jkiss.dbeaver.ext.mysql 2.1.185.202302171528]
2023-02-25 08:48:31.475 - Execution context opened (localhost; Main; 0)
> Start DBeaver GIS Support [org.jkiss.dbeaver.data.gis 1.0.124.202302171528]
2023-02-25 08:48:31.666 - Execution context opened (localhost; Metadata; 1)
2023-02-25 08:48:32.071 - Connected (mariaDB-18654f45105-3a6153b72245fc9a, MariaDB Connector/J [3.0.7])
2023-02-25 08:48:32.195 - Execution context opened (localhost; SQLEditor <Script-2.sql>; 2)
2023-02-25 08:48:33.166 - Open [https://dbeaver.io/product/version.xml]
2023-02-25 08:48:33.581 - Execution context closed (localhost, 2)
> Start ICU4J Base [com.ibm.icu.base 58.2.0.v20170418-1837]
> Start DBeaver MySQL UI Support [org.jkiss.dbeaver.ext.mysql.ui 1.0.92.202302171528]
> Start DBeaver UI Editors - Connections [org.jkiss.dbeaver.ui.editors.connection 1.0.91.202302171528]
2023-02-25 08:48:50.066 - Execution context opened (localhost; SQLEditor <Script-3.sql>; 3)
[ WARN] (DBeaver: 读取数据 [CREATE TABLE `tb_user` (
  `id` int(11) NOT NULL AUTO_INCREMENT,
  `name` varchar(20) NOT NULL,
  `gender` varchar(5) DEFAULT NULL,
  `age` int(11) DEFAULT NULL,
  `address` varchar(32) DEFAULT NULL,
  `qq` varchar(20) DEFAULT NULL,
  `email` varchar(50) DEFAULT NULL,
  `username` varchar(20) NOT NULL,
  `phone` varchar(11) DEFAULT NULL,
  PRIMARY KEY (`id`),
  UNIQUE KEY `user_username_uindex` (`username`)
) ENGINE=InnoDB AUTO_INCREMENT=8 DEFAULT CHARSET=utf8]) Error: 1046-3D000: No database selected
2023-02-25 08:49:07.092 - SQL 错误 [1046] [3D000]: (conn=8) No database selected
org.jkiss.dbeaver.model.sql.DBSQLException: SQL 错误 [1046] [3D000]: (conn=8) No database selected
	at org.jkiss.dbeaver.model.impl.jdbc.exec.JDBCStatementImpl.executeStatement(JDBCStatementImpl.java:133)
	at org.jkiss.dbeaver.ui.editors.sql.execute.SQLQueryJob.executeStatement(SQLQueryJob.java:582)
	at org.jkiss.dbeaver.ui.editors.sql.execute.SQLQueryJob.lambda$1(SQLQueryJob.java:491)
	at org.jkiss.dbeaver.model.exec.DBExecUtils.tryExecuteRecover(DBExecUtils.java:173)
	at org.jkiss.dbeaver.ui.editors.sql.execute.SQLQueryJob.executeSingleQuery(SQLQueryJob.java:498)
	at org.jkiss.dbeaver.ui.editors.sql.execute.SQLQueryJob.extractData(SQLQueryJob.java:924)
	at org.jkiss.dbeaver.ui.editors.sql.SQLEditor$QueryResultsContainer.readData(SQLEditor.java:3805)
	at org.jkiss.dbeaver.ui.controls.resultset.ResultSetJobDataRead.lambda$0(ResultSetJobDataRead.java:123)
	at org.jkiss.dbeaver.model.exec.DBExecUtils.tryExecuteRecover(DBExecUtils.java:173)
	at org.jkiss.dbeaver.ui.controls.resultset.ResultSetJobDataRead.run(ResultSetJobDataRead.java:121)
	at org.jkiss.dbeaver.ui.controls.resultset.ResultSetViewer$ResultSetDataPumpJob.run(ResultSetViewer.java:5073)
	at org.jkiss.dbeaver.model.runtime.AbstractJob.run(AbstractJob.java:105)
	at org.eclipse.core.internal.jobs.Worker.run(Worker.java:63)
Caused by: java.sql.SQLTransientConnectionException: (conn=8) No database selected
	at org.mariadb.jdbc.export.ExceptionFactory.createException(ExceptionFactory.java:300)
	at org.mariadb.jdbc.export.ExceptionFactory.create(ExceptionFactory.java:368)
	at org.mariadb.jdbc.message.ClientMessage.readPacket(ClientMessage.java:137)
	at org.mariadb.jdbc.client.impl.StandardClient.readPacket(StandardClient.java:833)
	at org.mariadb.jdbc.client.impl.StandardClient.readResults(StandardClient.java:772)
	at org.mariadb.jdbc.client.impl.StandardClient.readResponse(StandardClient.java:691)
	at org.mariadb.jdbc.client.impl.StandardClient.execute(StandardClient.java:634)
	at org.mariadb.jdbc.Statement.executeInternal(Statement.java:935)
	at org.mariadb.jdbc.Statement.execute(Statement.java:1061)
	at org.mariadb.jdbc.Statement.execute(Statement.java:452)
	at org.jkiss.dbeaver.model.impl.jdbc.exec.JDBCStatementImpl.execute(JDBCStatementImpl.java:329)
	at org.jkiss.dbeaver.model.impl.jdbc.exec.JDBCStatementImpl.lambda$0(JDBCStatementImpl.java:131)
	at org.jkiss.dbeaver.utils.SecurityManagerUtils.wrapDriverActions(SecurityManagerUtils.java:96)
	at org.jkiss.dbeaver.model.impl.jdbc.exec.JDBCStatementImpl.executeStatement(JDBCStatementImpl.java:131)
	... 12 more
[ WARN] (DBeaver: 读取数据 [INSERT INTO `tb_user` VALUES (1,'黄蓉','女',38,'桃花岛','212223390222','huangrong222@qq.com','huangrong','15600003333'),(2,'黄老邪','男',58,'湖北省武汉市','212223390','huanglaoxie@qq.com','huanglaoxie','15872320405'),(3,'小龙女','男',18,'湖北省荆门市','212223390','xiaolongnv@qq.com','xiaolongnv','15600004444'),(7,'杨过','男',30,'扬州','212223390','yangguo@qq.com','yangguo','15600005555')]) Error: 1062-23000: Duplicate entry '1' for key 'PRIMARY'
2023-02-25 08:50:07.855 - SQL 错误 [1062] [23000]: (conn=8) Duplicate entry '1' for key 'PRIMARY'
org.jkiss.dbeaver.model.sql.DBSQLException: SQL 错误 [1062] [23000]: (conn=8) Duplicate entry '1' for key 'PRIMARY'
	at org.jkiss.dbeaver.model.impl.jdbc.exec.JDBCStatementImpl.executeStatement(JDBCStatementImpl.java:133)
	at org.jkiss.dbeaver.ui.editors.sql.execute.SQLQueryJob.executeStatement(SQLQueryJob.java:582)
	at org.jkiss.dbeaver.ui.editors.sql.execute.SQLQueryJob.lambda$1(SQLQueryJob.java:491)
	at org.jkiss.dbeaver.ui.editors.sql.execute.SQLQueryJob.executeSingleQuery(SQLQueryJob.java:501)
	at org.jkiss.dbeaver.ui.editors.sql.execute.SQLQueryJob.extractData(SQLQueryJob.java:924)
	at org.jkiss.dbeaver.ui.editors.sql.SQLEditor$QueryResultsContainer.readData(SQLEditor.java:3805)
	at org.jkiss.dbeaver.ui.controls.resultset.ResultSetJobDataRead.lambda$0(ResultSetJobDataRead.java:123)
	at org.jkiss.dbeaver.model.exec.DBExecUtils.tryExecuteRecover(DBExecUtils.java:173)
	at org.jkiss.dbeaver.ui.controls.resultset.ResultSetJobDataRead.run(ResultSetJobDataRead.java:121)
	at org.jkiss.dbeaver.ui.controls.resultset.ResultSetViewer$ResultSetDataPumpJob.run(ResultSetViewer.java:5073)
	at org.jkiss.dbeaver.model.runtime.AbstractJob.run(AbstractJob.java:105)
	at org.eclipse.core.internal.jobs.Worker.run(Worker.java:63)
Caused by: java.sql.SQLIntegrityConstraintViolationException: (conn=8) Duplicate entry '1' for key 'PRIMARY'
	at org.mariadb.jdbc.export.ExceptionFactory.createException(ExceptionFactory.java:288)
	at org.mariadb.jdbc.export.ExceptionFactory.create(ExceptionFactory.java:368)
	at org.mariadb.jdbc.message.ClientMessage.readPacket(ClientMessage.java:137)
	at org.mariadb.jdbc.client.impl.StandardClient.readPacket(StandardClient.java:833)
	at org.mariadb.jdbc.client.impl.StandardClient.readResults(StandardClient.java:772)
	at org.mariadb.jdbc.client.impl.StandardClient.readResponse(StandardClient.java:691)
	at org.mariadb.jdbc.client.impl.StandardClient.execute(StandardClient.java:634)
	at org.mariadb.jdbc.Statement.executeInternal(Statement.java:935)
	at org.mariadb.jdbc.Statement.execute(Statement.java:1061)
	at org.mariadb.jdbc.Statement.execute(Statement.java:452)
	at org.jkiss.dbeaver.model.impl.jdbc.exec.JDBCStatementImpl.execute(JDBCStatementImpl.java:329)
	at org.jkiss.dbeaver.model.impl.jdbc.exec.JDBCStatementImpl.lambda$0(JDBCStatementImpl.java:131)
	at org.jkiss.dbeaver.utils.SecurityManagerUtils.wrapDriverActions(SecurityManagerUtils.java:96)
	at org.jkiss.dbeaver.model.impl.jdbc.exec.JDBCStatementImpl.executeStatement(JDBCStatementImpl.java:131)
	... 11 more
2023-02-25 10:06:53.201 - Execution context closed (localhost, 3)
2023-02-25 10:51:54.423 - Connect with 'postgres' (postgres-jdbc-186558c4462-339e637216ae8cfd)
> Start DBeaver PostgreSQL Support [org.jkiss.dbeaver.ext.postgresql 2.1.173.202302171528]
2023-02-25 10:51:54.511 - Execution context opened (postgres; Main <atguigudb>; 4)
2023-02-25 10:51:54.512 - Initiate connection to PostgreSQL database [atguigudb@localhost] for Main <atguigudb>
2023-02-25 10:51:56.025 - Execution context opened (postgres; Metadata <atguigudb>; 5)
2023-02-25 10:51:56.025 - Initiate connection to PostgreSQL database [atguigudb@localhost] for Metadata <atguigudb>
2023-02-25 10:51:56.294 - Connected (postgres-jdbc-186558c4462-339e637216ae8cfd, PostgreSQL JDBC Driver [42.5.0])
2023-02-25 10:53:03.711 - Execution context opened (localhost; SQLEditor <Script-4.sql>; 6)
2023-02-25 10:53:08.301 - No active connection
2023-02-25 10:53:15.388 - No active connection
2023-02-25 10:53:21.743 - No active connection
2023-02-25 10:53:25.713 - Delete empty SQL script '/General/Scripts/Script-4.sql'
2023-02-25 10:53:25.763 - Execution context closed (localhost, 6)
2023-02-25 10:53:46.831 - Execution context opened (localhost; SQLEditor <Script-4.sql>; 7)
2023-02-25 10:53:50.342 - Delete empty SQL script '/General/Scripts/Script-4.sql'
2023-02-25 10:53:50.392 - Execution context closed (localhost, 7)
> Start Equinox Provisioning Metadata [org.eclipse.equinox.p2.metadata 2.6.300.v20220817-1208]
2023-02-25 10:54:12.640 - Event loop exception
java.lang.NullPointerException: Cannot invoke "org.eclipse.ui.internal.dialogs.PropertyDialog.open()" because the return value of "org.eclipse.ui.internal.dialogs.PropertyDialog.createDialogOn(org.eclipse.swt.widgets.Shell, String, Object)" is null
	at org.jkiss.dbeaver.ui.editors.sql.SQLEditorBase$ShowPreferencesAction.run(SQLEditorBase.java:1118)
	at org.eclipse.jface.action.Action.runWithEvent(Action.java:474)
	at org.eclipse.jface.action.ActionContributionItem.handleWidgetSelection(ActionContributionItem.java:580)
	at org.eclipse.jface.action.ActionContributionItem.lambda$5(ActionContributionItem.java:453)
	at org.eclipse.swt.widgets.EventTable.sendEvent(EventTable.java:89)
	at org.eclipse.swt.widgets.Display.sendEvent(Display.java:5855)
	at org.eclipse.swt.widgets.Widget.sendEvent(Widget.java:1529)
	at org.eclipse.swt.widgets.Display.runDeferredEvents(Display.java:5065)
	at org.eclipse.swt.widgets.Display.readAndDispatch(Display.java:4517)
	at org.eclipse.e4.ui.internal.workbench.swt.PartRenderingEngine$5.run(PartRenderingEngine.java:1155)
	at org.eclipse.core.databinding.observable.Realm.runWithDefault(Realm.java:338)
	at org.eclipse.e4.ui.internal.workbench.swt.PartRenderingEngine.run(PartRenderingEngine.java:1046)
	at org.eclipse.e4.ui.internal.workbench.E4Workbench.createAndRunUI(E4Workbench.java:155)
	at org.eclipse.ui.internal.Workbench.lambda$3(Workbench.java:643)
	at org.eclipse.core.databinding.observable.Realm.runWithDefault(Realm.java:338)
	at org.eclipse.ui.internal.Workbench.createAndRunWorkbench(Workbench.java:550)
	at org.eclipse.ui.PlatformUI.createAndRunWorkbench(PlatformUI.java:171)
	at org.jkiss.dbeaver.ui.app.standalone.DBeaverApplication.start(DBeaverApplication.java:296)
	at org.eclipse.equinox.internal.app.EclipseAppHandle.run(EclipseAppHandle.java:203)
	at org.eclipse.core.runtime.internal.adaptor.EclipseAppLauncher.runApplication(EclipseAppLauncher.java:136)
	at org.eclipse.core.runtime.internal.adaptor.EclipseAppLauncher.start(EclipseAppLauncher.java:104)
	at org.eclipse.core.runtime.adaptor.EclipseStarter.run(EclipseStarter.java:402)
	at org.eclipse.core.runtime.adaptor.EclipseStarter.run(EclipseStarter.java:255)
	at java.base/jdk.internal.reflect.NativeMethodAccessorImpl.invoke0(Native Method)
	at java.base/jdk.internal.reflect.NativeMethodAccessorImpl.invoke(Unknown Source)
	at java.base/jdk.internal.reflect.DelegatingMethodAccessorImpl.invoke(Unknown Source)
	at java.base/java.lang.reflect.Method.invoke(Unknown Source)
	at org.eclipse.equinox.launcher.Main.invokeFramework(Main.java:659)
	at org.eclipse.equinox.launcher.Main.basicRun(Main.java:596)
	at org.eclipse.equinox.launcher.Main.run(Main.java:1467)
	at org.eclipse.equinox.launcher.Main.main(Main.java:1440)
2023-02-25 10:54:18.962 - Execution context opened (localhost; SQLEditor <guigu-auth.sql>; 8)
[ WARN] (DBeaver: 读取数据 [# Host: localhost  (Version 5.7.19-log)
# Date: 2022-06-13 10:04:40
# Generator: MySQL-Front 6.1  (Build 1.26)]) Error: 1064-42000: You have an error in your SQL syntax; check the manual that corresponds to your MariaDB server version for the right syntax to use near '' at line 3
2023-02-25 10:54:21.420 - SQL 错误 [1064] [42000]: (conn=25) You have an error in your SQL syntax; check the manual that corresponds to your MariaDB server version for the right syntax to use near '' at line 3

Error position: line: 2
org.jkiss.dbeaver.model.sql.DBSQLException: SQL 错误 [1064] [42000]: (conn=25) You have an error in your SQL syntax; check the manual that corresponds to your MariaDB server version for the right syntax to use near '' at line 3
	at org.jkiss.dbeaver.model.impl.jdbc.exec.JDBCStatementImpl.executeStatement(JDBCStatementImpl.java:133)
	at org.jkiss.dbeaver.ui.editors.sql.execute.SQLQueryJob.executeStatement(SQLQueryJob.java:582)
	at org.jkiss.dbeaver.ui.editors.sql.execute.SQLQueryJob.lambda$1(SQLQueryJob.java:491)
	at org.jkiss.dbeaver.model.exec.DBExecUtils.tryExecuteRecover(DBExecUtils.java:173)
	at org.jkiss.dbeaver.ui.editors.sql.execute.SQLQueryJob.executeSingleQuery(SQLQueryJob.java:498)
	at org.jkiss.dbeaver.ui.editors.sql.execute.SQLQueryJob.extractData(SQLQueryJob.java:924)
	at org.jkiss.dbeaver.ui.editors.sql.SQLEditor$QueryResultsContainer.readData(SQLEditor.java:3805)
	at org.jkiss.dbeaver.ui.controls.resultset.ResultSetJobDataRead.lambda$0(ResultSetJobDataRead.java:123)
	at org.jkiss.dbeaver.model.exec.DBExecUtils.tryExecuteRecover(DBExecUtils.java:173)
	at org.jkiss.dbeaver.ui.controls.resultset.ResultSetJobDataRead.run(ResultSetJobDataRead.java:121)
	at org.jkiss.dbeaver.ui.controls.resultset.ResultSetViewer$ResultSetDataPumpJob.run(ResultSetViewer.java:5073)
	at org.jkiss.dbeaver.model.runtime.AbstractJob.run(AbstractJob.java:105)
	at org.eclipse.core.internal.jobs.Worker.run(Worker.java:63)
Caused by: java.sql.SQLSyntaxErrorException: (conn=25) You have an error in your SQL syntax; check the manual that corresponds to your MariaDB server version for the right syntax to use near '' at line 3
	at org.mariadb.jdbc.export.ExceptionFactory.createException(ExceptionFactory.java:280)
	at org.mariadb.jdbc.export.ExceptionFactory.create(ExceptionFactory.java:368)
	at org.mariadb.jdbc.message.ClientMessage.readPacket(ClientMessage.java:137)
	at org.mariadb.jdbc.client.impl.StandardClient.readPacket(StandardClient.java:833)
	at org.mariadb.jdbc.client.impl.StandardClient.readResults(StandardClient.java:772)
	at org.mariadb.jdbc.client.impl.StandardClient.readResponse(StandardClient.java:691)
	at org.mariadb.jdbc.client.impl.StandardClient.execute(StandardClient.java:634)
	at org.mariadb.jdbc.Statement.executeInternal(Statement.java:935)
	at org.mariadb.jdbc.Statement.execute(Statement.java:1061)
	at org.mariadb.jdbc.Statement.execute(Statement.java:452)
	at org.jkiss.dbeaver.model.impl.jdbc.exec.JDBCStatementImpl.execute(JDBCStatementImpl.java:329)
	at org.jkiss.dbeaver.model.impl.jdbc.exec.JDBCStatementImpl.lambda$0(JDBCStatementImpl.java:131)
	at org.jkiss.dbeaver.utils.SecurityManagerUtils.wrapDriverActions(SecurityManagerUtils.java:96)
	at org.jkiss.dbeaver.model.impl.jdbc.exec.JDBCStatementImpl.executeStatement(JDBCStatementImpl.java:131)
	... 12 more
2023-02-25 11:28:41.998 - Execution context closed (localhost, 8)
2023-02-25 11:28:42.066 - Execution context opened (postgres; SQLEditor <guigu-auth.sql>; 9)
2023-02-25 11:28:42.066 - Initiate connection to PostgreSQL database [atguigudb@localhost] for SQLEditor <guigu-auth.sql>
2023-02-25 11:28:46.762 - Execution context closed (postgres, 9)
2023-02-25 11:28:46.846 - Execution context opened (localhost; SQLEditor <guigu-auth.sql>; 10)
2023-02-25 11:29:29.291 - Execution context closed (postgres, 4)
2023-02-25 11:29:29.342 - Execution context closed (postgres, 5)
2023-02-25 11:29:29.342 - Execution context opened (postgres; Main <atguigudb>; 11)
2023-02-25 11:29:29.342 - Initiate connection to PostgreSQL database [atguigudb@localhost] for Main <atguigudb>
2023-02-25 11:29:29.378 - Execution context opened (postgres; Metadata <atguigudb>; 12)
2023-02-25 11:29:29.379 - Initiate connection to PostgreSQL database [atguigudb@localhost] for Metadata <atguigudb>
2023-02-25 11:29:36.607 - Cannot determine transaction isolation level due to connection hanging. Setting to NONE.
> Start DBeaver PostgreSQL Support UI [org.jkiss.dbeaver.ext.postgresql.ui 1.0.76.202302171528]
2023-02-25 11:29:44.768 - Service 'org.jkiss.dbeaver.runtime.ui.UIServiceSecurity' not found
2023-02-25 11:30:01.391 - Execution context closed (postgres, 11)
2023-02-25 11:30:01.441 - Execution context closed (postgres, 12)
2023-02-25 11:30:01.442 - Disconnected (postgres-jdbc-186558c4462-339e637216ae8cfd)
2023-02-25 11:30:01.725 - Connect with 'postgres' (postgres-jdbc-186558c4462-339e637216ae8cfd)
2023-02-25 11:30:01.726 - Execution context opened (postgres; Main <atguigudb>; 13)
2023-02-25 11:30:01.726 - Initiate connection to PostgreSQL database [atguigudb@localhost] for Main <atguigudb>
2023-02-25 11:30:01.749 - Execution context opened (postgres; Metadata <atguigudb>; 14)
2023-02-25 11:30:01.749 - Initiate connection to PostgreSQL database [atguigudb@localhost] for Metadata <atguigudb>
2023-02-25 11:30:01.800 - Connected (postgres-jdbc-186558c4462-339e637216ae8cfd, PostgreSQL JDBC Driver [42.5.0])
2023-02-25 11:30:04.563 - Service 'org.jkiss.dbeaver.runtime.ui.UIServiceSecurity' not found
2023-02-25 11:30:07.591 - Connect with 'jdbc:postgresql://localhost:5432/atguigudb' (postgres-jdbc-186869eec5b-bbddfe80fd7a5e0)
2023-02-25 11:30:07.593 - Execution context opened (jdbc:postgresql://localhost:5432/atguigudb; Main <atguigudb>; 15)
2023-02-25 11:30:07.593 - Initiate connection to PostgreSQL database [atguigudb@localhost] for Main <atguigudb>
2023-02-25 11:30:07.651 - Connected (postgres-jdbc-186869eec5b-bbddfe80fd7a5e0, PostgreSQL JDBC Driver [42.5.0])
2023-02-25 11:30:07.702 - Execution context closed (jdbc:postgresql://localhost:5432/atguigudb, 15)
2023-02-25 11:30:07.702 - Disconnected (postgres-jdbc-186869eec5b-bbddfe80fd7a5e0)
2023-02-25 11:30:20.958 - Execution context closed (localhost, 10)
2023-02-25 14:25:15.189 - DBeaver is stopping
2023-02-25 14:25:15.265 - Stop RMI server
2023-02-25 14:25:15.274 - RMI controller has been stopped
2023-02-25 14:25:15.274 - DBeaver shutdown completed
